<?xml version="1.0" encoding="UTF-8"?>
<!-- Generated by org.testng.reporters.JUnitReportReporter -->
<testsuite hostname="RAGHAVENDRAREDDY" failures="0" tests="1" name="programs.DisplayAllTheProductNamesTest" time="4.136" errors="0" timestamp="2023-01-10T12:15:51 IST" skipped="0">
  <testcase classname="programs.DisplayAllTheProductNamesTest" name="displayProducts" time="4.136"/>
  <system-out/>
</testsuite> <!-- programs.DisplayAllTheProductNamesTest -->
