<?xml version="1.0" encoding="UTF-8"?>
<!-- Generated by org.testng.reporters.JUnitReportReporter -->
<testsuite hostname="RAGHAVENDRAREDDY" failures="0" tests="1" name="programs.DisplayAllTheProductNamesTest" time="3.007" errors="0" timestamp="2023-01-10T10:39:46 IST" skipped="0">
  <testcase classname="programs.DisplayAllTheProductNamesTest" name="displayProducts" time="3.007"/>
  <system-out/>
</testsuite> <!-- programs.DisplayAllTheProductNamesTest -->
