<?xml version="1.0" encoding="UTF-8"?>
<!-- Generated by org.testng.reporters.JUnitReportReporter -->
<testsuite hostname="RAGHAVENDRAREDDY" failures="0" tests="1" name="programs.AddToCartTest" time="5.800" errors="0" timestamp="2023-01-10T12:15:51 IST" skipped="0">
  <testcase classname="programs.AddToCartTest" name="addToCartTest" time="5.800"/>
  <system-out/>
</testsuite> <!-- programs.AddToCartTest -->
